<?xml version="1.0" encoding="utf-8"?><testsuites name="pytest tests"><testsuite name="pytest" errors="0" failures="0" skipped="0" tests="7" time="2.308" timestamp="2026-06-29T09:50:12.088769+00:00" hostname="agent-env-ea56e3e1-0619-461e-9861-2bd2e98ec1c3"><testcase classname="tests.test_iteration20.TestOFTemposEscalam" name="test_create_of_tempos_x_qtd" time="0.746" /><testcase classname="tests.test_iteration20.TestOFOperacoesManuais" name="test_add_manual_op_then_remove" time="1.049" /><testcase classname="tests.test_iteration20.TestOFTemposEscalam" name="test_idempotencia_put_nao_duplica" time="0.216" /><testcase classname="tests.test_iteration20.TestOFTemposEscalam" name="test_alterar_quantidade_2Q" time="0.135" /><testcase classname="tests.test_iteration20.TestOFOperacoesManuais" name="test_editar_tempos_e_recursos_op_existente" time="0.353" /><testcase classname="tests.test_iteration20.TestOFPdf" name="test_pdf_of_gera" time="0.104" /><testcase classname="tests.test_iteration20.TestRegressaoPersonalizacoes" name="test_personalizacao_soma_a_mo" time="0.314" /></testsuite></testsuites>