<?xml version="1.0" encoding="utf-8"?><testsuites name="pytest tests"><testsuite name="pytest" errors="0" failures="0" skipped="0" tests="7" time="3.385" timestamp="2026-07-16T00:06:38.019129+00:00" hostname="agent-env-ea56e3e1-0619-461e-9861-2bd2e98ec1c3"><testcase classname="tests.test_iteration29_encomenda_alertas.TestConverterOrcamentoSoCriaEncomenda" name="test_converter_cria_encomenda_sem_of_e_idempotente" time="1.880" /><testcase classname="tests.test_iteration29_encomenda_alertas.TestEncomendaAlertasFields" name="test_encomendas_list_tem_campos_alerta" time="0.103" /><testcase classname="tests.test_iteration29_encomenda_alertas.TestEncomendaAlertasFields" name="test_encomenda_detalhe_tem_campos_alerta" time="0.212" /><testcase classname="tests.test_iteration29_encomenda_alertas.TestEncomendaAlertasFields" name="test_encomenda_semof_flag_correto" time="0.116" /><testcase classname="tests.test_iteration29_encomenda_alertas.TestArtigoResumoStats" name="test_resumo_stats_tem_receita_custo_ganho" time="0.207" /><testcase classname="tests.test_iteration29_encomenda_alertas.TestArtigoResumoStats" name="test_resumo_requires_auth" time="0.224" /><testcase classname="tests.test_iteration29_encomenda_alertas.TestSobreproducaoE2E" name="test_of_com_qtd_superior_marca_sobreproducao" time="0.585" /></testsuite></testsuites>