<?xml version="1.0" encoding="utf-8"?><testsuites name="pytest tests"><testsuite name="pytest" errors="0" failures="0" skipped="0" tests="11" time="63.642" timestamp="2026-07-15T21:27:40.623854+00:00" hostname="agent-env-ea56e3e1-0619-461e-9861-2bd2e98ec1c3"><testcase classname="tests.test_iteration25_imagens.TestUpload" name="test_upload_requires_auth" time="0.609" /><testcase classname="tests.test_iteration25_imagens.TestUpload" name="test_upload_png_ok" time="0.324" /><testcase classname="tests.test_iteration25_imagens.TestUpload" name="test_upload_rejects_txt" time="0.114" /><testcase classname="tests.test_iteration25_imagens.TestUpload" name="test_upload_rejects_large_file" time="0.519" /><testcase classname="tests.test_iteration25_imagens.TestDownload" name="test_download_without_auth_returns_401" time="0.503" /><testcase classname="tests.test_iteration25_imagens.TestDownload" name="test_download_with_header_auth" time="0.235" /><testcase classname="tests.test_iteration25_imagens.TestDownload" name="test_download_with_query_auth" time="0.232" /><testcase classname="tests.test_iteration25_imagens.TestAutoFillOrcamento" name="test_autofill_from_artigo" time="28.323" /><testcase classname="tests.test_iteration25_imagens.TestAutoFillOrcamento" name="test_override_preserves_line_imagem" time="1.067" /><testcase classname="tests.test_iteration25_imagens.TestPropagacaoConverter" name="test_converter_propaga_imagem" time="0.719" /><testcase classname="tests.test_iteration25_imagens.TestPropagacaoEncomendaOF" name="test_build_of_itens_autofill" time="30.912" /></testsuite></testsuites>