<?xml version="1.0" encoding="utf-8"?><testsuites name="pytest tests"><testsuite name="pytest" errors="0" failures="2" skipped="0" tests="18" time="3.200" timestamp="2026-07-15T23:09:48.280621+00:00" hostname="agent-env-ea56e3e1-0619-461e-9861-2bd2e98ec1c3"><testcase classname="tests.test_iteration26_phases.TestFaseBSearch" name="test_search_encomendas" time="0.751" /><testcase classname="tests.test_iteration26_phases.TestFaseBSearch" name="test_search_ofs" time="0.105" /><testcase classname="tests.test_iteration26_phases.TestFaseC1PagamentosParciais" name="test_add_pagamento_parcial" time="0.866" /><testcase classname="tests.test_iteration26_phases.TestFaseBSearch" name="test_search_empty_q" time="0.097" /><testcase classname="tests.test_iteration26_phases.TestFaseC1PagamentosParciais" name="test_add_pagamento_rejects_negative" time="0.140" /><testcase classname="tests.test_iteration26_phases.TestFaseBSearch" name="test_search_requires_auth" time="0.099" /><testcase classname="tests.test_iteration26_phases.TestFaseC1PagamentosParciais" name="test_recibo_pdf_via_header" time="0.120" /><testcase classname="tests.test_iteration26_phases.TestFaseAUtilizadoresLista" name="test_utilizadores_lista_returns_list" time="0.145" /><testcase classname="tests.test_iteration26_phases.TestFaseC1PagamentosParciais" name="test_recibo_pdf_via_query_auth" time="0.136"><failure message="AssertionError: Recibo com ?auth= devolveu 401&#10;assert 401 == 200&#10; +  where 401 = &lt;Response [401]&gt;.status_code">backend/tests/test_iteration26_phases.py:253: in test_recibo_pdf_via_query_auth
    assert r.status_code == 200, f"Recibo com ?auth= devolveu {r.status_code}"
E   AssertionError: Recibo com ?auth= devolveu 401
E   assert 401 == 200
E    +  where 401 = &lt;Response [401]&gt;.status_code</failure></testcase><testcase classname="tests.test_iteration26_phases.TestFaseAUtilizadoresLista" name="test_utilizadores_lista_requires_auth" time="0.145" /><testcase classname="tests.test_iteration26_phases.TestFaseC1PagamentosParciais" name="test_delete_pagamento_recalcula" time="0.488" /><testcase classname="tests.test_iteration26_phases.TestFaseAOrdensFabricoKanban" name="test_ofs_have_status_field_for_kanban" time="0.096" /><testcase classname="tests.test_iteration26_phases.TestFaseAOrdensFabricoKanban" name="test_of_has_responsavel_fields" time="0.331"><failure message="AssertionError: assert 'responsavel_id' in {'cliente': 'Marco', 'cliente_id': 'c1774d23-6c97-4f81-bc8c-5ae28eb50f21', 'encomenda_id': 'fa2141c3-5b1f-4f89-af8e-ec97e550aa68', 'descricao': '', ...}">backend/tests/test_iteration26_phases.py:81: in test_of_has_responsavel_fields
    assert "responsavel_id" in o
E   AssertionError: assert 'responsavel_id' in {'cliente': 'Marco', 'cliente_id': 'c1774d23-6c97-4f81-bc8c-5ae28eb50f21', 'encomenda_id': 'fa2141c3-5b1f-4f89-af8e-ec97e550aa68', 'descricao': '', ...}</failure></testcase><testcase classname="tests.test_iteration26_phases.TestFaseBNotificacoes" name="test_notificacoes_endpoint" time="0.114" /><testcase classname="tests.test_iteration26_phases.TestFaseC2HistoricoPrecos" name="test_historico_precos_endpoint" time="0.245" /><testcase classname="tests.test_iteration26_phases.TestFaseBNotificacoes" name="test_notificacoes_requires_auth" time="0.106" /><testcase classname="tests.test_iteration26_phases.TestFaseC2HistoricoPrecos" name="test_historico_precos_requires_auth" time="0.200" /><testcase classname="tests.test_iteration26_phases.TestFaseAResponsavel" name="test_atribuir_responsavel_a_of" time="0.643" /></testsuite></testsuites>