<?xml version="1.0" encoding="utf-8"?><testsuites name="pytest tests"><testsuite name="pytest" errors="0" failures="0" skipped="0" tests="6" time="3.051" timestamp="2026-06-28T15:58:52.302172+00:00" hostname="agent-env-ea56e3e1-0619-461e-9861-2bd2e98ec1c3"><testcase classname="tests.test_iteration15" name="test_prazos_requires_auth" time="0.249" /><testcase classname="tests.test_iteration15" name="test_prazos_with_auth_returns_list_with_required_fields" time="0.435" /><testcase classname="tests.test_iteration15" name="test_dashboard_has_prazos_counters" time="0.114" /><testcase classname="tests.test_iteration15" name="test_mao_obra_crud_persiste_responsavel_personalizacoes" time="0.521" /><testcase classname="tests.test_iteration15" name="test_tipo_pers_crud_persiste_tempo" time="0.399" /><testcase classname="tests.test_iteration15" name="test_of_aplica_tempo_pers_e_idempotencia" time="1.255" /></testsuite></testsuites>