<?xml version="1.0" encoding="utf-8"?><testsuites name="pytest tests"><testsuite name="pytest" errors="0" failures="0" skipped="0" tests="8" time="4.457" timestamp="2026-06-27T16:49:46.372169+00:00" hostname="agent-env-ea56e3e1-0619-461e-9861-2bd2e98ec1c3"><testcase classname="tests.test_iteration8" name="test_lists_alive_for_search" time="0.722" /><testcase classname="tests.test_iteration8" name="test_rbac_modulos" time="0.117" /><testcase classname="tests.test_iteration8" name="test_create_perfil_and_user_with_perfil" time="0.707" /><testcase classname="tests.test_iteration8" name="test_rbac_enforcement_backend_for_restricted_user" time="0.560" /><testcase classname="tests.test_iteration8" name="test_admin_can_access_users_and_perfis" time="0.202" /><testcase classname="tests.test_iteration8" name="test_orcamento_material_margem_por_linha" time="0.606" /><testcase classname="tests.test_iteration8" name="test_default_margem_is_50" time="0.413" /><testcase classname="tests.test_iteration8" name="test_zzz_cleanup" time="0.595" /></testsuite></testsuites>