<?xml version="1.0" encoding="utf-8"?><testsuites name="pytest tests"><testsuite name="pytest" errors="0" failures="0" skipped="0" tests="6" time="1.639" timestamp="2026-07-15T23:50:43.055474+00:00" hostname="agent-env-ea56e3e1-0619-461e-9861-2bd2e98ec1c3"><testcase classname="tests.test_iteration28_progresso_artigo.TestArtigoResumo" name="test_resumo_requires_auth" time="0.204" /><testcase classname="tests.test_iteration28_progresso_artigo.TestEncomendasProgresso" name="test_lista_encomendas_tem_progresso" time="0.716" /><testcase classname="tests.test_iteration28_progresso_artigo.TestArtigoResumo" name="test_resumo_404_for_unknown" time="0.598" /><testcase classname="tests.test_iteration28_progresso_artigo.TestEncomendasProgresso" name="test_detalhe_encomenda_tem_progresso" time="0.236" /><testcase classname="tests.test_iteration28_progresso_artigo.TestArtigoResumo" name="test_resumo_shape" time="0.282" /><testcase classname="tests.test_iteration28_progresso_artigo.TestEncomendasProgresso" name="test_progresso_consistente" time="0.105" /></testsuite></testsuites>