<?xml version="1.0" encoding="utf-8"?><testsuites name="pytest tests"><testsuite name="pytest" errors="0" failures="0" skipped="0" tests="12" time="3.417" timestamp="2026-07-14T23:53:09.809178+00:00" hostname="agent-env-ea56e3e1-0619-461e-9861-2bd2e98ec1c3"><testcase classname="tests.test_iteration21.TestIteration21Refactor" name="test_01_auth_me" time="0.502" /><testcase classname="tests.test_iteration21.TestIteration21Refactor" name="test_02_dashboard_analise_producao" time="0.106" /><testcase classname="tests.test_iteration21.TestIteration21Refactor" name="test_03_clientes_crud" time="0.246" /><testcase classname="tests.test_iteration21.TestIteration21Refactor" name="test_04_artigos_crud" time="0.206" /><testcase classname="tests.test_iteration21.TestIteration21Refactor" name="test_05_orcamento_create_edit_preco_convert" time="0.473" /><testcase classname="tests.test_iteration21.TestIteration21Refactor" name="test_06_of_nota_operacao_persiste" time="0.190" /><testcase classname="tests.test_iteration21.TestIteration21Refactor" name="test_07_of_timer" time="0.284" /><testcase classname="tests.test_iteration21.TestIteration21Refactor" name="test_08_pdf_orcamento" time="0.059" /><testcase classname="tests.test_iteration21.TestIteration21Refactor" name="test_09_pdf_of" time="0.056" /><testcase classname="tests.test_iteration21.TestIteration21Refactor" name="test_10_pdf_encomenda" time="0.064" /><testcase classname="tests.test_iteration21.TestIteration21Refactor" name="test_11_users_and_perfis" time="0.094" /><testcase classname="tests.test_iteration21.TestIteration21Refactor" name="test_12_users_forbidden_without_auth" time="0.576" /></testsuite></testsuites>