<?xml version="1.0" encoding="utf-8"?><testsuites name="pytest tests"><testsuite name="pytest" errors="0" failures="0" skipped="0" tests="5" time="2.005" timestamp="2026-07-16T00:19:38.177140+00:00" hostname="agent-env-ea56e3e1-0619-461e-9861-2bd2e98ec1c3"><testcase classname="tests.test_iteration30_ofs_apos_edicao.TestAlertasEncomendasSemOf" name="test_alertas_contains_encomendas_sem_of" time="0.688" /><testcase classname="tests.test_iteration30_ofs_apos_edicao.TestPutEncomendaDevolveOfs" name="test_put_encomenda_com_ofs_devolve_ordens_fabrico" time="1.108" /><testcase classname="tests.test_iteration30_ofs_apos_edicao.TestAlertasEncomendasSemOf" name="test_encomendas_sem_of_alinha_com_lista" time="0.255" /><testcase classname="tests.test_iteration30_ofs_apos_edicao.TestPagamentoDevolveOfs" name="test_add_e_delete_pagamento_devolve_ordens_fabrico" time="0.505" /><testcase classname="tests.test_iteration30_ofs_apos_edicao.TestCreateEncomendaDevolveOfs" name="test_create_encomenda_devolve_lista_ordens_fabrico" time="0.337" /></testsuite></testsuites>