<?xml version="1.0" encoding="utf-8"?><testsuites name="pytest tests"><testsuite name="pytest" errors="0" failures="0" skipped="0" tests="15" time="5.945" timestamp="2026-07-15T20:44:38.925905+00:00" hostname="agent-env-ea56e3e1-0619-461e-9861-2bd2e98ec1c3"><testcase classname="tests.test_historico_audit.TestHistoricoGlobal" name="test_global_ordem_desc" time="1.366" /><testcase classname="tests.test_historico_audit.TestCatalogHistorico" name="test_artigo_crud_historico" time="1.347" /><testcase classname="tests.test_historico_audit.TestCatalogHistorico" name="test_consumivel_historico" time="0.446" /><testcase classname="tests.test_historico_audit.TestHistoricoGlobal" name="test_global_filtro_tipo" time="0.111" /><testcase classname="tests.test_historico_audit.TestHistoricoGlobal" name="test_user_metadata" time="0.108" /><testcase classname="tests.test_historico_audit.TestHistoricoAuth" name="test_historico_global_requires_auth" time="0.161" /><testcase classname="tests.test_historico_audit.TestHistoricoAuth" name="test_historico_entidade_requires_auth" time="0.118" /><testcase classname="tests.test_historico_audit.TestCatalogHistorico" name="test_maquina_historico" time="0.494" /><testcase classname="tests.test_historico_audit.TestOrcamentoHistorico" name="test_criar_editar_estado_duplicar" time="0.706" /><testcase classname="tests.test_historico_audit.TestCatalogHistorico" name="test_mao_obra_historico" time="0.461" /><testcase classname="tests.test_historico_audit.TestOrcamentoHistorico" name="test_converter_orcamento" time="0.579" /><testcase classname="tests.test_historico_audit.TestCatalogHistorico" name="test_tipo_personalizacao_historico" time="0.487" /><testcase classname="tests.test_historico_audit.TestClienteHistorico" name="test_ciclo_completo" time="0.661" /><testcase classname="tests.test_historico_audit.TestEncomendaHistorico" name="test_criar_pagamento_producao_estado" time="0.855" /><testcase classname="tests.test_historico_audit.TestOFHistorico" name="test_criar_estado_prioridade_finalizar" time="1.335" /></testsuite></testsuites>