<?xml version="1.0" encoding="utf-8"?><testsuites name="pytest tests"><testsuite name="pytest" errors="0" failures="1" skipped="0" tests="3" time="1.767" timestamp="2026-06-27T14:47:28.975878+00:00" hostname="agent-env-ea56e3e1-0619-461e-9861-2bd2e98ec1c3"><testcase classname="tests.test_iteration5" name="test_producao_tempos_endpoint" time="0.165" /><testcase classname="tests.test_iteration5" name="test_producao_analise_monthly_endpoint" time="0.115" /><testcase classname="tests.test_iteration5" name="test_orcamento_line_roteiro_persists_and_converts_to_of" time="0.888"><failure message="AssertionError: OF roteiro empty&#10;assert (None)&#10; +  where None = &lt;built-in method get of dict object at 0xf9391b9d6cc0&gt;('linhas')&#10; +    where &lt;built-in method get of dict object at 0xf9391b9d6cc0&gt; = {'cliente': 'TEST_IT5_Cliente', 'descricao': 'TEST_IT5', 'numero_encomenda': 'ENC-IT5', 'data': '2026-06-27', ...}.get">backend/tests/test_iteration5.py:111: in test_orcamento_line_roteiro_persists_and_converts_to_of
    assert of.get("linhas") and of["linhas"][0].get("roteiro"), "OF roteiro empty"
E   AssertionError: OF roteiro empty
E   assert (None)
E    +  where None = &lt;built-in method get of dict object at 0xf9391b9d6cc0&gt;('linhas')
E    +    where &lt;built-in method get of dict object at 0xf9391b9d6cc0&gt; = {'cliente': 'TEST_IT5_Cliente', 'descricao': 'TEST_IT5', 'numero_encomenda': 'ENC-IT5', 'data': '2026-06-27', ...}.get</failure></testcase></testsuite></testsuites>