<?xml version="1.0" encoding="utf-8"?><testsuites name="pytest tests"><testsuite name="pytest" errors="0" failures="0" skipped="0" tests="7" time="4.036" timestamp="2026-06-28T00:34:27.843764+00:00" hostname="agent-env-ea56e3e1-0619-461e-9861-2bd2e98ec1c3"><testcase classname="tests.test_iteration10.TestClienteCamposNovos" name="test_cria_e_atualiza_codigo_postal_cidade_pais" time="0.881" /><testcase classname="tests.test_iteration10.TestEncomendaWorkflow" name="test_valor_total_auto_a_partir_artigos" time="0.613" /><testcase classname="tests.test_iteration10.TestEncomendaWorkflow" name="test_valor_total_manual_sobrepoe_calculo" time="0.305" /><testcase classname="tests.test_iteration10.TestGateIniciarOperacao" name="test_iniciar_operacao_bloqueado_403" time="0.537" /><testcase classname="tests.test_iteration10.TestGateIniciarOperacao" name="test_iniciar_operacao_libera_apos_autorizar" time="0.716" /><testcase classname="tests.test_iteration10.TestConversaoOrcamento" name="test_converter_popula_enc_artigos_e_valor" time="0.787" /><testcase classname="tests.test_iteration10.TestDashboardKPIs" name="test_dashboard_devolve_novos_campos" time="0.116" /></testsuite></testsuites>