<?xml version="1.0" encoding="utf-8"?><testsuites name="pytest tests"><testsuite name="pytest" errors="0" failures="0" skipped="0" tests="6" time="1.479" timestamp="2026-06-28T15:25:20.828548+00:00" hostname="agent-env-ea56e3e1-0619-461e-9861-2bd2e98ec1c3"><testcase classname="tests.test_iteration14" name="test_create_encomendas_with_prazo" time="0.587" /><testcase classname="tests.test_iteration14" name="test_create_ofs_and_check_ordering" time="0.289" /><testcase classname="tests.test_iteration14" name="test_toggle_prioridade_moves_to_top" time="0.090" /><testcase classname="tests.test_iteration14" name="test_put_preserves_prioridade" time="0.165" /><testcase classname="tests.test_iteration14" name="test_encomenda_estado_field_present" time="0.084" /><testcase classname="tests.test_iteration14" name="test_zz_cleanup" time="0.189" /></testsuite></testsuites>