<?xml version="1.0" encoding="utf-8"?><testsuites name="pytest tests"><testsuite name="pytest" errors="0" failures="0" skipped="2" tests="17" time="3.475" timestamp="2026-06-28T16:29:24.047113+00:00" hostname="agent-env-ea56e3e1-0619-461e-9861-2bd2e98ec1c3"><testcase classname="tests.test_iteration16" name="test_list_endpoint_ok[/api/orcamentos]" time="0.791" /><testcase classname="tests.test_iteration16.TestPDFGeneration" name="test_orcamento_pdf" time="0.841"><skipped type="pytest.skip" message="No orcamento available to test PDF">/app/backend/tests/test_iteration16.py:43: No orcamento available to test PDF</skipped></testcase><testcase classname="tests.test_iteration16" name="test_list_endpoint_ok[/api/encomendas]" time="0.103" /><testcase classname="tests.test_iteration16.TestPDFGeneration" name="test_of_pdf" time="0.261" /><testcase classname="tests.test_iteration16" name="test_list_endpoint_ok[/api/ordens-fabrico]" time="0.105" /><testcase classname="tests.test_iteration16" name="test_list_endpoint_ok[/api/clientes]" time="0.143" /><testcase classname="tests.test_iteration16.TestPDFGeneration" name="test_encomenda_pdf" time="0.245" /><testcase classname="tests.test_iteration16" name="test_list_endpoint_ok[/api/maquinas]" time="0.098" /><testcase classname="tests.test_iteration16" name="test_list_endpoint_ok[/api/consumiveis]" time="0.132" /><testcase classname="tests.test_iteration16.TestPDFGeneration" name="test_orcamento_pdf_with_template" time="0.196"><skipped type="pytest.skip" message="No orcamento">/app/backend/tests/test_iteration16.py:88: No orcamento</skipped></testcase><testcase classname="tests.test_iteration16" name="test_list_endpoint_ok[/api/artigos]" time="0.103" /><testcase classname="tests.test_iteration16" name="test_list_endpoint_ok[/api/mao-obra]" time="0.112" /><testcase classname="tests.test_iteration16.TestArtigoCRUD" name="test_create_update_delete_artigo" time="0.610" /><testcase classname="tests.test_iteration16" name="test_list_endpoint_ok[/api/tipos-personalizacao]" time="0.104" /><testcase classname="tests.test_iteration16" name="test_list_endpoint_ok[/api/prazos]" time="0.098" /><testcase classname="tests.test_iteration16" name="test_list_endpoint_ok[/api/dashboard]" time="0.107" /><testcase classname="tests.test_iteration16.TestOrcamentoCRUD" name="test_create_compute_delete_orcamento" time="0.753" /></testsuite></testsuites>