<?xml version="1.0" encoding="utf-8"?><testsuites name="pytest tests"><testsuite name="pytest" errors="0" failures="1" skipped="0" tests="8" time="3.472" timestamp="2026-06-27T16:13:36.523811+00:00" hostname="agent-env-ea56e3e1-0619-461e-9861-2bd2e98ec1c3"><testcase classname="tests.test_auth_materiais" name="test_login_invalid" time="0.475" /><testcase classname="tests.test_auth_materiais" name="test_me_no_token" time="0.137" /><testcase classname="tests.test_auth_materiais" name="test_me_with_token" time="0.422" /><testcase classname="tests.test_auth_materiais" name="test_list_users_requires_admin_no_token" time="0.136" /><testcase classname="tests.test_auth_materiais" name="test_users_crud_and_colaborador_403" time="0.522"><failure message="AssertionError: assert 'TEST_colab@prodcost.pt' in ['admin@prodcost.pt', 'joao@prodcost.pt', 'test_colab@prodcost.pt']">backend/tests/test_auth_materiais.py:68: in test_users_crud_and_colaborador_403
    assert email in emails
E   AssertionError: assert 'TEST_colab@prodcost.pt' in ['admin@prodcost.pt', 'joao@prodcost.pt', 'test_colab@prodcost.pt']</failure></testcase><testcase classname="tests.test_auth_materiais" name="test_create_user_duplicate" time="0.136" /><testcase classname="tests.test_auth_materiais" name="test_orcamento_materiais_markup_m2_and_un" time="0.617" /><testcase classname="tests.test_auth_materiais" name="test_search_endpoints_alive" time="0.511" /></testsuite></testsuites>