<?xml version="1.0" encoding="utf-8"?><testsuites name="pytest tests"><testsuite name="pytest" errors="0" failures="0" skipped="0" tests="14" time="3.396" timestamp="2026-06-27T23:57:07.010193+00:00" hostname="agent-env-ea56e3e1-0619-461e-9861-2bd2e98ec1c3"><testcase classname="tests.test_iteration9" name="test_clientes_endpoint_no_token_status" time="0.217" /><testcase classname="tests.test_iteration9" name="test_encomendas_endpoint_no_token_status" time="0.101" /><testcase classname="tests.test_iteration9" name="test_create_cliente" time="0.519" /><testcase classname="tests.test_iteration9" name="test_list_clientes_contains_teste" time="0.113" /><testcase classname="tests.test_iteration9" name="test_update_cliente" time="0.222" /><testcase classname="tests.test_iteration9" name="test_create_encomenda_manual" time="0.156" /><testcase classname="tests.test_iteration9" name="test_get_encomenda_detail_has_ofs_field" time="0.097" /><testcase classname="tests.test_iteration9" name="test_create_of_from_encomenda" time="0.194" /><testcase classname="tests.test_iteration9" name="test_create_orcamento_with_cliente_id" time="0.207" /><testcase classname="tests.test_iteration9" name="test_conversao_orcamento_cria_encomenda" time="0.234" /><testcase classname="tests.test_iteration9" name="test_of_detail_shows_encomenda_link" time="0.098" /><testcase classname="tests.test_iteration9" name="test_encomendas_list_includes_num_ofs" time="0.102" /><testcase classname="tests.test_iteration9" name="test_encomenda_numero_pattern" time="0.100" /><testcase classname="tests.test_iteration9" name="test_zzz_cleanup" time="0.699" /></testsuite></testsuites>