<?xml version="1.0" encoding="utf-8"?><testsuites name="pytest tests"><testsuite name="pytest" errors="0" failures="0" skipped="0" tests="29" time="7.336" timestamp="2026-06-28T10:21:29.745483+00:00" hostname="agent-env-ea56e3e1-0619-461e-9861-2bd2e98ec1c3"><testcase classname="tests.test_iteration9" name="test_clientes_endpoint_no_token_status" time="0.419" /><testcase classname="tests.test_iteration9" name="test_encomendas_endpoint_no_token_status" time="0.104" /><testcase classname="tests.test_iteration11.TestPdfTemplatesCRUD" name="test_create_templates_three_modules" time="1.292" /><testcase classname="tests.test_iteration9" name="test_create_cliente" time="0.471" /><testcase classname="tests.test_iteration9" name="test_list_clientes_contains_teste" time="0.106" /><testcase classname="tests.test_iteration9" name="test_update_cliente" time="0.197" /><testcase classname="tests.test_iteration11.TestPdfTemplatesCRUD" name="test_list_templates_filter_by_modulo" time="0.158" /><testcase classname="tests.test_iteration9" name="test_create_encomenda_manual" time="0.095" /><testcase classname="tests.test_iteration9" name="test_get_encomenda_detail_has_ofs_field" time="0.100" /><testcase classname="tests.test_iteration11.TestPdfTemplatesCRUD" name="test_update_template" time="0.331" /><testcase classname="tests.test_iteration9" name="test_create_of_from_encomenda" time="0.279" /><testcase classname="tests.test_iteration9" name="test_create_orcamento_with_cliente_id" time="0.204" /><testcase classname="tests.test_iteration9" name="test_conversao_orcamento_cria_encomenda" time="0.605" /><testcase classname="tests.test_iteration11.TestPdfTemplatesCRUD" name="test_pdf_templates_create_requires_admin" time="0.902" /><testcase classname="tests.test_iteration9" name="test_of_detail_shows_encomenda_link" time="0.144" /><testcase classname="tests.test_iteration11.TestPdfTemplatesCRUD" name="test_pdf_templates_delete_requires_admin" time="0.096" /><testcase classname="tests.test_iteration9" name="test_encomendas_list_includes_num_ofs" time="0.109" /><testcase classname="tests.test_iteration9" name="test_encomenda_numero_pattern" time="0.128" /><testcase classname="tests.test_iteration11.TestPdfExports" name="test_orcamento_pdf" time="0.558" /><testcase classname="tests.test_iteration9" name="test_zzz_cleanup" time="1.344" /><testcase classname="tests.test_iteration11.TestPdfExports" name="test_encomenda_pdf" time="0.498" /><testcase classname="tests.test_iteration11.TestPdfExports" name="test_of_pdf" time="0.500" /><testcase classname="tests.test_iteration11.TestPdfExports" name="test_encomenda_pdf_with_template_disabling_section" time="0.922" /><testcase classname="tests.test_iteration11.TestEmpresaSettings" name="test_get_empresa" time="0.462" /><testcase classname="tests.test_iteration11.TestEmpresaSettings" name="test_put_empresa_persists" time="0.424" /><testcase classname="tests.test_iteration11.TestPdfExports" name="test_orcamento_pdf_with_template" time="1.053" /><testcase classname="tests.test_iteration11.TestEmpresaSettings" name="test_put_empresa_requires_admin" time="0.921" /><testcase classname="tests.test_iteration11" name="test_zz_cleanup_templates" time="0.679" /><testcase classname="tests.test_iteration11.TestPdfSecoes" name="test_get_pdf_secoes_three_modules" time="0.239" /></testsuite></testsuites>