<?xml version="1.0" encoding="utf-8"?><testsuites name="pytest tests"><testsuite name="pytest" errors="0" failures="0" skipped="0" tests="14" time="3.205" timestamp="2026-07-15T23:37:02.923516+00:00" hostname="agent-env-ea56e3e1-0619-461e-9861-2bd2e98ec1c3"><testcase classname="tests.test_iteration27_utilizacoes.TestAuth401" name="test_artigo_util_needs_auth" time="0.364" /><testcase classname="tests.test_iteration27_utilizacoes.TestShapes" name="test_artigo_utilizacoes_shape" time="0.646" /><testcase classname="tests.test_iteration27_utilizacoes.TestAuth401" name="test_maquina_util_needs_auth" time="0.149" /><testcase classname="tests.test_iteration27_utilizacoes.TestAuth401" name="test_mao_obra_util_needs_auth" time="0.108" /><testcase classname="tests.test_iteration27_utilizacoes.TestAuth401" name="test_consumivel_util_needs_auth" time="0.102" /><testcase classname="tests.test_iteration27_utilizacoes.TestShapes" name="test_maquina_utilizacoes_shape" time="0.248" /><testcase classname="tests.test_iteration27_utilizacoes.TestAuth401" name="test_tipo_pers_util_needs_auth" time="0.114" /><testcase classname="tests.test_iteration27_utilizacoes.TestShapes" name="test_mao_obra_utilizacoes_shape" time="0.384" /><testcase classname="tests.test_iteration27_utilizacoes.TestReverseCorrectness" name="test_artigo_used_in_encomenda_appears" time="0.543" /><testcase classname="tests.test_iteration27_utilizacoes.TestShapes" name="test_consumivel_utilizacoes_shape" time="0.257" /><testcase classname="tests.test_iteration27_utilizacoes.TestReverseCorrectness" name="test_maquina_used_in_artigo_roteiro" time="0.193" /><testcase classname="tests.test_iteration27_utilizacoes.TestShapes" name="test_tipo_pers_utilizacoes_shape" time="0.204" /><testcase classname="tests.test_iteration27_utilizacoes.TestOFFaseada" name="test_criar_of_parcial_e_apagar" time="0.636" /><testcase classname="tests.test_iteration27_utilizacoes.TestOFFaseada" name="test_criar_of_permite_quantidade_maior_que_total" time="0.451" /></testsuite></testsuites>