<?xml version="1.0" encoding="utf-8"?><testsuites name="pytest tests"><testsuite name="pytest" errors="0" failures="0" skipped="0" tests="15" time="6.718" timestamp="2026-06-28T01:26:37.774547+00:00" hostname="agent-env-ea56e3e1-0619-461e-9861-2bd2e98ec1c3"><testcase classname="tests.test_iteration11.TestPdfTemplatesCRUD" name="test_create_templates_three_modules" time="1.311" /><testcase classname="tests.test_iteration11.TestPdfExports" name="test_orcamento_pdf" time="0.858" /><testcase classname="tests.test_iteration11.TestPdfExports" name="test_encomenda_pdf" time="0.210" /><testcase classname="tests.test_iteration11.TestPdfExports" name="test_of_pdf" time="0.206" /><testcase classname="tests.test_iteration11.TestPdfExports" name="test_encomenda_pdf_with_template_disabling_section" time="0.460" /><testcase classname="tests.test_iteration11.TestPdfTemplatesCRUD" name="test_list_templates_filter_by_modulo" time="0.094" /><testcase classname="tests.test_iteration11.TestPdfTemplatesCRUD" name="test_update_template" time="0.403" /><testcase classname="tests.test_iteration11.TestPdfExports" name="test_orcamento_pdf_with_template" time="1.160" /><testcase classname="tests.test_iteration11.TestPdfTemplatesCRUD" name="test_pdf_templates_create_requires_admin" time="0.934" /><testcase classname="tests.test_iteration11.TestPdfTemplatesCRUD" name="test_pdf_templates_delete_requires_admin" time="0.111" /><testcase classname="tests.test_iteration11.TestPdfSecoes" name="test_get_pdf_secoes_three_modules" time="0.103" /><testcase classname="tests.test_iteration11.TestEmpresaSettings" name="test_get_empresa" time="0.107" /><testcase classname="tests.test_iteration11" name="test_zz_cleanup_templates" time="0.732" /><testcase classname="tests.test_iteration11.TestEmpresaSettings" name="test_put_empresa_persists" time="2.197" /><testcase classname="tests.test_iteration11.TestEmpresaSettings" name="test_put_empresa_requires_admin" time="0.981" /></testsuite></testsuites>