<?xml version="1.0" encoding="utf-8"?><testsuites name="pytest tests"><testsuite name="pytest" errors="0" failures="0" skipped="0" tests="9" time="1.847" timestamp="2026-06-29T08:42:00.145051+00:00" hostname="agent-env-ea56e3e1-0619-461e-9861-2bd2e98ec1c3"><testcase classname="tests.test_iteration17.TestOrcamentoDescontos" name="test_orc_desc_linha_pct_e_desc_total_eur" time="0.657" /><testcase classname="tests.test_iteration17.TestOrcamentoDescontos" name="test_orc_desc_linha_eur" time="0.044" /><testcase classname="tests.test_iteration17.TestOrcamentoDescontos" name="test_orc_sem_desconto_regressao" time="0.048" /><testcase classname="tests.test_iteration17.TestOrcamentoDescontos" name="test_orc_pdf_com_descontos" time="0.101" /><testcase classname="tests.test_iteration17.TestEncomendaDescontos" name="test_encomenda_desc_linha_eur_desc_total_pct" time="0.090" /><testcase classname="tests.test_iteration17.TestEncomendaDescontos" name="test_encomenda_sem_desconto_regressao" time="0.044" /><testcase classname="tests.test_iteration17.TestEncomendaDescontos" name="test_encomenda_pdf_com_descontos" time="0.098" /><testcase classname="tests.test_iteration17.TestOFPrecoUnit" name="test_of_item_preco_unit_from_artigo" time="0.094" /><testcase classname="tests.test_iteration17.TestOFPrecoUnit" name="test_of_input_nao_tem_desconto" time="0.571" /></testsuite></testsuites>