<?xml version="1.0" encoding="utf-8"?><testsuites name="pytest tests"><testsuite name="pytest" errors="0" failures="0" skipped="0" tests="12" time="3.543" timestamp="2026-06-29T09:10:28.861186+00:00" hostname="agent-env-ea56e3e1-0619-461e-9861-2bd2e98ec1c3"><testcase classname="tests.test_iteration18.TestArtigoUnidade" name="test_create_artigo_with_unidade_m2" time="0.542" /><testcase classname="tests.test_iteration18.TestArtigoUnidade" name="test_get_artigo_unidade_persisted" time="0.106" /><testcase classname="tests.test_iteration18.TestArtigoUnidade" name="test_update_artigo_unidade_kg" time="0.321" /><testcase classname="tests.test_iteration18.TestOrcamentoUnidade" name="test_orcamento_with_artigo_unidade" time="0.330" /><testcase classname="tests.test_iteration18.TestOrcamentoUnidade" name="test_pdf_orcamento_generates" time="0.121" /><testcase classname="tests.test_iteration18.TestEncomendaPersonalizacoes" name="test_create_encomenda_with_pers_lista" time="0.302" /><testcase classname="tests.test_iteration18.TestEncomendaPersonalizacoes" name="test_add_second_personalizacao_and_recompute" time="0.200" /><testcase classname="tests.test_iteration18.TestEncomendaPersonalizacoes" name="test_edit_personalizacao_valor" time="0.208" /><testcase classname="tests.test_iteration18.TestEncomendaPersonalizacoes" name="test_remove_personalizacao" time="0.206" /><testcase classname="tests.test_iteration18.TestEncomendaDescontos" name="test_desconto_linha_e_total" time="0.096" /><testcase classname="tests.test_iteration18.TestEncomendaDescontos" name="test_pdf_encomenda_generates" time="0.114" /><testcase classname="tests.test_iteration18.TestOFUnidadePrecoUnit" name="test_create_of_from_encomenda_and_check_unidade_precounit" time="0.909" /></testsuite></testsuites>