<?xml version="1.0" encoding="utf-8"?><testsuites name="pytest tests"><testsuite name="pytest" errors="0" failures="0" skipped="1" tests="12" time="2.955" timestamp="2026-06-28T15:05:00.850427+00:00" hostname="agent-env-ea56e3e1-0619-461e-9861-2bd2e98ec1c3"><testcase classname="tests.test_iteration13.TestPdfSecoes" name="test_pdf_secoes_has_cliente_subfields_and_orcamento_origem" time="0.465" /><testcase classname="tests.test_iteration13.TestOfMultiplasPersonalizacoes" name="test_get_existing_tipos_personalizacao" time="0.213" /><testcase classname="tests.test_iteration13.TestOfMultiplasPersonalizacoes" name="test_create_of_with_two_personalizacoes" time="0.099" /><testcase classname="tests.test_iteration13.TestOfMultiplasPersonalizacoes" name="test_get_of_persists_two_personalizacoes" time="0.108" /><testcase classname="tests.test_iteration13.TestOfMultiplasPersonalizacoes" name="test_put_of_keeps_multiple_personalizacoes" time="0.247" /><testcase classname="tests.test_iteration13.TestOfMultiplasPersonalizacoes" name="test_cleanup_of" time="0.095" /><testcase classname="tests.test_iteration13.TestPdfTemplatesClienteSubfields" name="test_create_template_with_subset_cliente_fields" time="0.099" /><testcase classname="tests.test_iteration13.TestPdfTemplatesClienteSubfields" name="test_get_template_persists_subfields" time="0.098" /><testcase classname="tests.test_iteration13.TestPdfTemplatesClienteSubfields" name="test_cleanup_template" time="0.095" /><testcase classname="tests.test_iteration13.TestPdfGenerationModules" name="test_orcamento_pdf_completo_and_template" time="0.618"><skipped type="pytest.skip" message="no orcamento">/app/backend/tests/test_iteration13.py:274: no orcamento</skipped></testcase><testcase classname="tests.test_iteration13.TestPdfGenerationModules" name="test_of_pdf_completo_and_template" time="0.218" /><testcase classname="tests.test_iteration13.TestPdfGenerationModules" name="test_encomenda_pdf_completo_and_template" time="0.514" /></testsuite></testsuites>