<?xml version="1.0" encoding="utf-8"?><testsuites name="pytest tests"><testsuite name="pytest" errors="0" failures="0" skipped="0" tests="12" time="1.681" timestamp="2026-06-27T10:39:03.758835+00:00" hostname="agent-env-ea56e3e1-0619-461e-9861-2bd2e98ec1c3"><testcase classname="tests.backend_test.TestHealthAndSeed" name="test_root" time="0.208" /><testcase classname="tests.backend_test.TestArtigosNewModel" name="test_seeded_dtf_uv_breakdown_and_preco_venda" time="0.215" /><testcase classname="tests.backend_test.TestHealthAndSeed" name="test_seed_idempotent" time="0.131" /><testcase classname="tests.backend_test.TestArtigosNewModel" name="test_seeded_dtf_textil_breakdown_and_preco_venda" time="0.046" /><testcase classname="tests.backend_test.TestArtigosNewModel" name="test_hour_unit_counts_as_full_hour" time="0.378" /><testcase classname="tests.backend_test.TestHealthAndSeed" name="test_dashboard" time="0.088" /><testcase classname="tests.backend_test.TestMaquinasNewFields" name="test_seeded_machines_have_split_costs" time="0.044" /><testcase classname="tests.backend_test.TestMaquinasNewFields" name="test_crud_with_new_fields" time="0.252" /><testcase classname="tests.backend_test.TestOrcamentoRegression" name="test_line_autofill_unit" time="0.184" /><testcase classname="tests.backend_test.TestOFToggle" name="test_toggle_progression" time="0.388" /><testcase classname="tests.backend_test.TestOrcamentoRegression" name="test_convert_to_of_loads_roteiro" time="0.286" /><testcase classname="tests.backend_test" name="test_zz_cleanup" time="0.104" /></testsuite></testsuites>