<?xml version="1.0" encoding="utf-8"?><testsuites name="pytest tests"><testsuite name="pytest" errors="0" failures="0" skipped="0" tests="11" time="1.981" timestamp="2026-06-27T10:27:08.792965+00:00" hostname="agent-env-ea56e3e1-0619-461e-9861-2bd2e98ec1c3"><testcase classname="tests.backend_test.TestHealthAndSeed" name="test_root" time="0.239" /><testcase classname="tests.backend_test.TestArtigosNewModel" name="test_seeded_dtf_uv_breakdown" time="0.229" /><testcase classname="tests.backend_test.TestArtigosNewModel" name="test_create_artigo_with_materiais_roteiro" time="0.513" /><testcase classname="tests.backend_test.TestHealthAndSeed" name="test_seed_idempotent" time="0.122" /><testcase classname="tests.backend_test.TestHealthAndSeed" name="test_dashboard" time="0.044" /><testcase classname="tests.backend_test.TestConsumiveis" name="test_crud" time="0.293" /><testcase classname="tests.backend_test.TestMaoObra" name="test_crud" time="0.207" /><testcase classname="tests.backend_test.TestOrcamentoIntegration" name="test_line_autofill_from_artigo" time="0.180" /><testcase classname="tests.backend_test.TestOFToggle" name="test_toggle_progression" time="0.466" /><testcase classname="tests.backend_test.TestOrcamentoIntegration" name="test_convert_orcamento_to_of_with_roteiro" time="0.293" /><testcase classname="tests.backend_test" name="test_zz_cleanup" time="0.100" /></testsuite></testsuites>